[0.011s] Invoking command in '/home/zephyrus/xarm1s_ws/build/xarm_description': CMAKE_PREFIX_PATH=${CMAKE_PREFIX_PATH}:/home/zephyrus/bumperbot_ws/install/bumperbot_py_examples:/home/zephyrus/bumperbot_ws/install/bumberbot_py_examples:/opt/ros/humble /usr/bin/cmake /home/zephyrus/xarm1s_ws/src/xarm_description -DAMENT_CMAKE_SYMLINK_INSTALL=1 -DCMAKE_INSTALL_PREFIX=/home/zephyrus/xarm1s_ws/install/xarm_description
[0.058s] -- The C compiler identification is GNU 11.4.0
[0.108s] -- The CXX compiler identification is GNU 11.4.0
[0.115s] -- Detecting C compiler ABI info
[0.182s] -- Detecting C compiler ABI info - done
[0.188s] -- Check for working C compiler: /usr/bin/cc - skipped
[0.188s] -- Detecting C compile features
[0.188s] -- Detecting C compile features - done
[0.190s] -- Detecting CXX compiler ABI info
[0.263s] -- Detecting CXX compiler ABI info - done
[0.269s] -- Check for working CXX compiler: /usr/bin/c++ - skipped
[0.269s] -- Detecting CXX compile features
[0.270s] -- Detecting CXX compile features - done
[0.273s] -- Found ament_cmake: 1.3.12 (/opt/ros/humble/share/ament_cmake/cmake)
[0.567s] -- Found Python3: /usr/bin/python3 (found version "3.10.12") found components: Interpreter 
[0.619s] -- Override CMake install command with custom implementation using symlinks instead of copying resources
[0.669s] -- Found urdf: 2.6.1 (/opt/ros/humble/share/urdf/cmake)
[0.797s] -- Configuring done
[0.799s] -- Generating done
[0.800s] -- Build files have been written to: /home/zephyrus/xarm1s_ws/build/xarm_description
[0.806s] Invoked command in '/home/zephyrus/xarm1s_ws/build/xarm_description' returned '0': CMAKE_PREFIX_PATH=${CMAKE_PREFIX_PATH}:/home/zephyrus/bumperbot_ws/install/bumperbot_py_examples:/home/zephyrus/bumperbot_ws/install/bumberbot_py_examples:/opt/ros/humble /usr/bin/cmake /home/zephyrus/xarm1s_ws/src/xarm_description -DAMENT_CMAKE_SYMLINK_INSTALL=1 -DCMAKE_INSTALL_PREFIX=/home/zephyrus/xarm1s_ws/install/xarm_description
[0.808s] Invoking command in '/home/zephyrus/xarm1s_ws/build/xarm_description': CMAKE_PREFIX_PATH=${CMAKE_PREFIX_PATH}:/home/zephyrus/bumperbot_ws/install/bumperbot_py_examples:/home/zephyrus/bumperbot_ws/install/bumberbot_py_examples:/opt/ros/humble /usr/bin/cmake --build /home/zephyrus/xarm1s_ws/build/xarm_description -- -j16 -l16
[0.848s] Invoked command in '/home/zephyrus/xarm1s_ws/build/xarm_description' returned '0': CMAKE_PREFIX_PATH=${CMAKE_PREFIX_PATH}:/home/zephyrus/bumperbot_ws/install/bumperbot_py_examples:/home/zephyrus/bumperbot_ws/install/bumberbot_py_examples:/opt/ros/humble /usr/bin/cmake --build /home/zephyrus/xarm1s_ws/build/xarm_description -- -j16 -l16
[0.857s] Invoking command in '/home/zephyrus/xarm1s_ws/build/xarm_description': CMAKE_PREFIX_PATH=${CMAKE_PREFIX_PATH}:/home/zephyrus/bumperbot_ws/install/bumperbot_py_examples:/home/zephyrus/bumperbot_ws/install/bumberbot_py_examples:/opt/ros/humble /usr/bin/cmake --install /home/zephyrus/xarm1s_ws/build/xarm_description
[0.863s] -- Install configuration: ""
[0.864s] -- Execute custom install script
[0.864s] -- Symlinking: /home/zephyrus/xarm1s_ws/install/xarm_description/share/xarm_description/launch/controller.launch.py
[0.872s] -- Symlinking: /home/zephyrus/xarm1s_ws/install/xarm_description/share/xarm_description/launch/controller.yaml
[0.881s] -- Symlinking: /home/zephyrus/xarm1s_ws/install/xarm_description/share/xarm_description/launch/display.launch.py
[0.890s] -- Symlinking: /home/zephyrus/xarm1s_ws/install/xarm_description/share/xarm_description/launch/gazebo.launch.py
[0.899s] -- Symlinking: /home/zephyrus/xarm1s_ws/install/xarm_description/share/xarm_description/launch/urdf.rviz
[0.908s] -- Symlinking: /home/zephyrus/xarm1s_ws/install/xarm_description/share/xarm_description/meshes/Gripper_end_1_1.stl
[0.917s] -- Symlinking: /home/zephyrus/xarm1s_ws/install/xarm_description/share/xarm_description/meshes/Gripper_end_2_1.stl
[0.928s] -- Symlinking: /home/zephyrus/xarm1s_ws/install/xarm_description/share/xarm_description/meshes/Link_1_1.stl
[0.938s] -- Symlinking: /home/zephyrus/xarm1s_ws/install/xarm_description/share/xarm_description/meshes/Link_2_1.stl
[0.947s] -- Symlinking: /home/zephyrus/xarm1s_ws/install/xarm_description/share/xarm_description/meshes/Link_3_1.stl
[0.957s] -- Symlinking: /home/zephyrus/xarm1s_ws/install/xarm_description/share/xarm_description/meshes/Link_4_1.stl
[0.965s] -- Symlinking: /home/zephyrus/xarm1s_ws/install/xarm_description/share/xarm_description/meshes/Link_5_1.stl
[0.973s] -- Symlinking: /home/zephyrus/xarm1s_ws/install/xarm_description/share/xarm_description/meshes/base_link.stl
[0.983s] -- Symlinking: /home/zephyrus/xarm1s_ws/install/xarm_description/share/xarm_description/meshes/finger_1_1.stl
[0.992s] -- Symlinking: /home/zephyrus/xarm1s_ws/install/xarm_description/share/xarm_description/meshes/finger_2_1.stl
[1.000s] -- Symlinking: /home/zephyrus/xarm1s_ws/install/xarm_description/share/xarm_description/meshes/gripper_base_1.stl
[1.009s] -- Symlinking: /home/zephyrus/xarm1s_ws/install/xarm_description/share/xarm_description/urdf/materials.xacro
[1.020s] -- Symlinking: /home/zephyrus/xarm1s_ws/install/xarm_description/share/xarm_description/urdf/xarm.gazebo
[1.032s] -- Symlinking: /home/zephyrus/xarm1s_ws/install/xarm_description/share/xarm_description/urdf/xarm.ros2_control.xacro
[1.042s] -- Symlinking: /home/zephyrus/xarm1s_ws/install/xarm_description/share/xarm_description/urdf/xarm.xacro
[1.050s] -- Symlinking: /home/zephyrus/xarm1s_ws/install/xarm_description/share/ament_index/resource_index/package_run_dependencies/xarm_description
[1.058s] -- Symlinking: /home/zephyrus/xarm1s_ws/install/xarm_description/share/ament_index/resource_index/parent_prefix_path/xarm_description
[1.067s] -- Symlinking: /home/zephyrus/xarm1s_ws/install/xarm_description/share/xarm_description/environment/ament_prefix_path.sh
[1.075s] -- Symlinking: /home/zephyrus/xarm1s_ws/install/xarm_description/share/xarm_description/environment/ament_prefix_path.dsv
[1.083s] -- Symlinking: /home/zephyrus/xarm1s_ws/install/xarm_description/share/xarm_description/environment/path.sh
[1.092s] -- Symlinking: /home/zephyrus/xarm1s_ws/install/xarm_description/share/xarm_description/environment/path.dsv
[1.100s] -- Symlinking: /home/zephyrus/xarm1s_ws/install/xarm_description/share/xarm_description/local_setup.bash
[1.108s] -- Symlinking: /home/zephyrus/xarm1s_ws/install/xarm_description/share/xarm_description/local_setup.sh
[1.117s] -- Symlinking: /home/zephyrus/xarm1s_ws/install/xarm_description/share/xarm_description/local_setup.zsh
[1.126s] -- Symlinking: /home/zephyrus/xarm1s_ws/install/xarm_description/share/xarm_description/local_setup.dsv
[1.136s] -- Symlinking: /home/zephyrus/xarm1s_ws/install/xarm_description/share/xarm_description/package.dsv
[1.145s] -- Symlinking: /home/zephyrus/xarm1s_ws/install/xarm_description/share/ament_index/resource_index/packages/xarm_description
[1.154s] -- Symlinking: /home/zephyrus/xarm1s_ws/install/xarm_description/share/xarm_description/cmake/xarm_descriptionConfig.cmake
[1.163s] -- Symlinking: /home/zephyrus/xarm1s_ws/install/xarm_description/share/xarm_description/cmake/xarm_descriptionConfig-version.cmake
[1.172s] -- Symlinking: /home/zephyrus/xarm1s_ws/install/xarm_description/share/xarm_description/package.xml
[1.184s] Invoked command in '/home/zephyrus/xarm1s_ws/build/xarm_description' returned '0': CMAKE_PREFIX_PATH=${CMAKE_PREFIX_PATH}:/home/zephyrus/bumperbot_ws/install/bumperbot_py_examples:/home/zephyrus/bumperbot_ws/install/bumberbot_py_examples:/opt/ros/humble /usr/bin/cmake --install /home/zephyrus/xarm1s_ws/build/xarm_description
